<?xml version="1.0" encoding="UTF-8"?>
<testsuite name="org.mines.examples.JitExample" tests="2" skipped="0" failures="0" errors="0" timestamp="2024-04-15T09:54:31" hostname="damien" time="0.05">
  <properties/>
  <testcase name="shortMethodTest()" classname="org.mines.examples.JitExample" time="0.034"/>
  <testcase name="longMethodTest()" classname="org.mines.examples.JitExample" time="0.015"/>
  <system-out><![CDATA[1000000
1000000
]]></system-out>
  <system-err><![CDATA[]]></system-err>
</testsuite>
