<?xml version="1.0" encoding="UTF-8"?>
<testsuite name="org.mines.address.domain.service.TownServiceTest" tests="4" skipped="0" failures="0" errors="0" timestamp="2024-04-12T11:56:12" hostname="damien" time="0.057">
  <properties/>
  <testcase name="shouldSaveATown()" classname="org.mines.address.domain.service.TownServiceTest" time="0.037"/>
  <testcase name="shouldRemoveATown()" classname="org.mines.address.domain.service.TownServiceTest" time="0.011"/>
  <testcase name="shouldNotSaveAnExistingTown()" classname="org.mines.address.domain.service.TownServiceTest" time="0.003"/>
  <testcase name="shouldNotSaveTownWithEmptyName()" classname="org.mines.address.domain.service.TownServiceTest" time="0.003"/>
  <system-out><![CDATA[]]></system-out>
  <system-err><![CDATA[]]></system-err>
</testsuite>
