<?xml version="1.0" encoding="UTF-8"?>
<testsuite name="org.address.infrastructure.AddressRepositoryAdapterTest" tests="2" skipped="0" failures="0" errors="0" timestamp="2024-04-12T12:42:27" hostname="damien" time="0.158">
  <properties/>
  <testcase name="shouldInsertAnAddressWithAnUnknownTown()" classname="org.address.infrastructure.AddressRepositoryAdapterTest" time="0.118"/>
  <testcase name="shouldInsertAnAddressWithAValidTown()" classname="org.address.infrastructure.AddressRepositoryAdapterTest" time="0.038"/>
  <system-out><![CDATA[Standard Commons Logging discovery in action with spring-jcl: please remove commons-logging.jar from classpath in order to avoid potential conflicts
14:42:24,526 |-INFO in ch.qos.logback.classic.LoggerContext[default] - This is logback-classic version 1.4.14
14:42:24,530 |-INFO in ch.qos.logback.classic.util.ContextInitializer@14229fa7 - Here is a list of configurators discovered as a service, by rank: 
14:42:24,530 |-INFO in ch.qos.logback.classic.util.ContextInitializer@14229fa7 -   org.springframework.boot.logging.logback.RootLogLevelConfigurator
14:42:24,530 |-INFO in ch.qos.logback.classic.util.ContextInitializer@14229fa7 - They will be invoked in order until ExecutionStatus.DO_NOT_INVOKE_NEXT_IF_ANY is returned.
14:42:24,530 |-INFO in ch.qos.logback.classic.util.ContextInitializer@14229fa7 - Constructed configurator of type class org.springframework.boot.logging.logback.RootLogLevelConfigurator
14:42:24,539 |-INFO in ch.qos.logback.classic.util.ContextInitializer@14229fa7 - org.springframework.boot.logging.logback.RootLogLevelConfigurator.configure() call lasted 1 milliseconds. ExecutionStatus=INVOKE_NEXT_IF_ANY
14:42:24,539 |-INFO in ch.qos.logback.classic.util.ContextInitializer@14229fa7 - Trying to configure with ch.qos.logback.classic.joran.SerializedModelConfigurator
14:42:24,542 |-INFO in ch.qos.logback.classic.util.ContextInitializer@14229fa7 - Constructed configurator of type class ch.qos.logback.classic.joran.SerializedModelConfigurator
14:42:24,545 |-INFO in ch.qos.logback.classic.LoggerContext[default] - Could NOT find resource [logback-test.scmo]
14:42:24,546 |-INFO in ch.qos.logback.classic.LoggerContext[default] - Could NOT find resource [logback.scmo]
14:42:24,546 |-INFO in ch.qos.logback.classic.util.ContextInitializer@14229fa7 - ch.qos.logback.classic.joran.SerializedModelConfigurator.configure() call lasted 4 milliseconds. ExecutionStatus=INVOKE_NEXT_IF_ANY
14:42:24,546 |-INFO in ch.qos.logback.classic.util.ContextInitializer@14229fa7 - Trying to configure with ch.qos.logback.classic.util.DefaultJoranConfigurator
14:42:24,548 |-INFO in ch.qos.logback.classic.util.ContextInitializer@14229fa7 - Constructed configurator of type class ch.qos.logback.classic.util.DefaultJoranConfigurator
14:42:24,548 |-INFO in ch.qos.logback.classic.LoggerContext[default] - Could NOT find resource [logback-test.xml]
14:42:24,551 |-INFO in ch.qos.logback.classic.LoggerContext[default] - Found resource [logback.xml] at [file:/home/damien/Documents/Cours/Mines%20Ales/BonnePratique/addressApp/address-app/infrastructure/build/resources/test/logback.xml]
14:42:24,636 |-WARN in ch.qos.logback.core.joran.action.IncludeAction - Could not find resource corresponding to [/org/springframework/boot/logging/logback/base.xml]
14:42:24,695 |-INFO in ch.qos.logback.core.model.processor.AppenderModelHandler - Processing appender named [STDOUT]
14:42:24,695 |-INFO in ch.qos.logback.core.model.processor.AppenderModelHandler - About to instantiate appender of type [ch.qos.logback.core.ConsoleAppender]
14:42:24,708 |-INFO in ch.qos.logback.core.model.processor.ImplicitModelHandler - Assuming default type [ch.qos.logback.classic.encoder.PatternLayoutEncoder] for [encoder] property
14:42:24,750 |-INFO in ch.qos.logback.classic.model.processor.RootLoggerModelHandler - Setting level of ROOT logger to ERROR
14:42:24,750 |-INFO in ch.qos.logback.core.model.processor.AppenderRefModelHandler - Attaching appender named [STDOUT] to Logger[ROOT]
14:42:24,751 |-INFO in ch.qos.logback.core.model.processor.DefaultProcessor@2ab0702e - End of configuration.
14:42:24,753 |-INFO in ch.qos.logback.classic.joran.JoranConfigurator@7158daf2 - Registering current configuration as safe fallback point
14:42:24,753 |-INFO in ch.qos.logback.classic.util.ContextInitializer@14229fa7 - ch.qos.logback.classic.util.DefaultJoranConfigurator.configure() call lasted 205 milliseconds. ExecutionStatus=DO_NOT_INVOKE_NEXT_IF_ANY

]]></system-out>
  <system-err><![CDATA[]]></system-err>
</testsuite>
